#
# A fatal error has been detected by the Java Runtime Environment:
#
#  EXCEPTION_ACCESS_VIOLATION (0xc0000005) at pc=0x00007ffaadd6de2f, pid=736096, tid=732876
#
# JRE version: Java(TM) SE Runtime Environment (8.0_65-b17) (build 1.8.0_65-b17)
# Java VM: Java HotSpot(TM) 64-Bit Server VM (25.65-b01 mixed mode windows-amd64 compressed oops)
# Problematic frame:
# C  [ntdll.dll+0x2de2f]
#
# Failed to write core dump. Minidumps are not enabled by default on client versions of Windows
#
# If you would like to submit a bug report, please visit:
#   http://bugreport.java.com/bugreport/crash.jsp
#

---------------  T H R E A D  ---------------

Current thread (0x000000001f18d000):  JavaThread "JavaFX Application Thread" [_thread_in_vm, id=732876, stack(0x00000000209b0000,0x0000000020ab0000)]

siginfo: ExceptionCode=0xc0000005, reading address 0xffffffffffffffff

Registers:
RAX=0x0000000000000403, RBX=0x00000000026f0000, RCX=0x0000000000000001, RDX=0x0000000080000000
RSP=0x0000000020aa26f0, RBP=0x0000000020aa2ad0, RSI=0x0000000000000001, RDI=0x000000002727df50
R8 =0x000000002727df60, R9 =0x00000000026f4cf4, R10=0x0037003100000014, R11=0x0000000000000000
R12=0x0000000300000000, R13=0x0000000000000081, R14=0x00000000026f4c50, R15=0x000000002727df60
RIP=0x00007ffaadd6de2f, EFLAGS=0x0000000000010206

Top of Stack: (sp=0x0000000020aa26f0)
0x0000000020aa26f0:   0000000000000000 0000000000000001
0x0000000020aa2700:   000000001f801b30 00002bab646a5323
0x0000000020aa2710:   000000002ce711eb 000000006fcc4e3d
0x0000000020aa2720:   0000000120aa2800 0000000000000000
0x0000000020aa2730:   0000000000000002 0000000000000000
0x0000000020aa2740:   000000001bd61548 0000000000000009
0x0000000020aa2750:   0000037f20aa2970 0000000000000000
0x0000000020aa2760:   000000002727df50 0037003100000014
0x0000000020aa2770:   0000000020aa28d0 000000006fd08375
0x0000000020aa2780:   000000002ce71268 0000000000000081
0x0000000020aa2790:   0000000000000002 000000006fd0b63f
0x0000000020aa27a0:   0000000000000000 000000001e610f00
0x0000000020aa27b0:   00000007c000bf58 0000000020aa2940
0x0000000020aa27c0:   000000001f58adf0 000000006fe20243
0x0000000020aa27d0:   00000000000003d8 00000007c000bf58
0x0000000020aa27e0:   00000007c0304828 00000007c0304828 

Instructions: (pc=0x00007ffaadd6de2f)
0x00007ffaadd6de0f:   16 00 00 0f b7 47 08 49 3b c5 0f 82 06 17 00 00
0x00007ffaadd6de1f:   4c 8d 47 10 4d 8b 20 4c 8b 57 18 4c 89 54 24 78
0x00007ffaadd6de2f:   49 8b 0a 4d 8b 4c 24 08 49 3b c9 0f 85 c2 16 00
0x00007ffaadd6de3f:   00 49 3b c8 0f 85 b9 16 00 00 48 29 83 c0 00 00 


Register to memory mapping:

RAX=0x0000000000000403 is an unknown value
RBX=0x00000000026f0000 is an unknown value
RCX=0x0000000000000001 is an unknown value
RDX=0x0000000080000000 is an unknown value
RSP=0x0000000020aa26f0 is pointing into the stack for thread: 0x000000001f18d000
RBP=0x0000000020aa2ad0 is pointing into the stack for thread: 0x000000001f18d000
RSI=0x0000000000000001 is an unknown value
RDI=0x000000002727df50 is an unknown value
R8 =0x000000002727df60 is an unknown value
R9 =0x00000000026f4cf4 is an unknown value
R10=0x0037003100000014 is an unknown value
R11=0x0000000000000000 is an unknown value
R12=0x0000000300000000 is an unknown value
R13=0x0000000000000081 is an unknown value
R14=0x00000000026f4c50 is an unknown value
R15=0x000000002727df60 is an unknown value


Stack: [0x00000000209b0000,0x0000000020ab0000],  sp=0x0000000020aa26f0,  free space=969k
Native frames: (J=compiled Java code, j=interpreted, Vv=VM code, C=native code)
C  [ntdll.dll+0x2de2f]
C  [ntdll.dll+0x2b88a]
C  [ntdll.dll+0x13955]
C  [ntdll.dll+0x1388a]
C  [ntdll.dll+0x2d195]
C  [ntdll.dll+0x2af7e]
C  [msvcr100.dll+0x68d17]
V  [jvm.dll+0x21bf9e]
V  [jvm.dll+0x16ca]
V  [jvm.dll+0x1e28]
V  [jvm.dll+0x62ac6]
V  [jvm.dll+0x7ae39]
V  [jvm.dll+0x1e78e4]
V  [jvm.dll+0x1e7a6f]
C  0x0000000002cc427a

Java frames: (J=compiled Java code, j=interpreted, Vv=VM code)
J 982  sun.misc.Unsafe.defineAnonymousClass(Ljava/lang/Class;[B[Ljava/lang/Object;)Ljava/lang/Class; (0 bytes) @ 0x0000000002cc41fc [0x0000000002cc4180+0x7c]
j  java.lang.invoke.InnerClassLambdaMetafactory.spinInnerClass()Ljava/lang/Class;+511
j  java.lang.invoke.InnerClassLambdaMetafactory.buildCallSite()Ljava/lang/invoke/CallSite;+1
j  java.lang.invoke.LambdaMetafactory.metafactory(Ljava/lang/invoke/MethodHandles$Lookup;Ljava/lang/String;Ljava/lang/invoke/MethodType;Ljava/lang/invoke/MethodType;Ljava/lang/invoke/MethodHandle;Ljava/lang/invoke/MethodType;)Ljava/lang/invoke/CallSite;+31
J 1540 C1 java.lang.invoke.LambdaForm$DMH.invokeStatic_L6_L(Ljava/lang/Object;Ljava/lang/Object;Ljava/lang/Object;Ljava/lang/Object;Ljava/lang/Object;Ljava/lang/Object;Ljava/lang/Object;)Ljava/lang/Object; (24 bytes) @ 0x0000000002e42af4 [0x0000000002e426e0+0x414]
j  java.lang.invoke.LambdaForm$BMH.reinvoke(Ljava/lang/Object;Ljava/lang/Object;Ljava/lang/Object;Ljava/lang/Object;Ljava/lang/Object;Ljava/lang/Object;Ljava/lang/Object;)Ljava/lang/Object;+85
J 1546 C1 java.lang.invoke.LambdaForm$MH.invoke_MT(Ljava/lang/Object;Ljava/lang/Object;Ljava/lang/Object;Ljava/lang/Object;Ljava/lang/Object;Ljava/lang/Object;Ljava/lang/Object;Ljava/lang/Object;)Ljava/lang/Object; (34 bytes) @ 0x0000000002e46d24 [0x0000000002e46100+0xc24]
j  java.lang.invoke.CallSite.makeSite(Ljava/lang/invoke/MethodHandle;Ljava/lang/String;Ljava/lang/invoke/MethodType;Ljava/lang/Object;Ljava/lang/Class;)Ljava/lang/invoke/CallSite;+184
j  java.lang.invoke.MethodHandleNatives.linkCallSiteImpl(Ljava/lang/Class;Ljava/lang/invoke/MethodHandle;Ljava/lang/String;Ljava/lang/invoke/MethodType;Ljava/lang/Object;[Ljava/lang/Object;)Ljava/lang/invoke/MemberName;+6
j  java.lang.invoke.MethodHandleNatives.linkCallSite(Ljava/lang/Object;Ljava/lang/Object;Ljava/lang/Object;Ljava/lang/Object;Ljava/lang/Object;[Ljava/lang/Object;)Ljava/lang/invoke/MemberName;+45
v  ~StubRoutines::call_stub
j  com.mycompany.trafficimportfileconverter2.Main2Controller.lambda$null$5(Ljava/time/LocalDate;Ljava/io/File;ILjava/util/ArrayList;)V+128
j  com.mycompany.trafficimportfileconverter2.Main2Controller$$Lambda$329.run()V+20
j  com.sun.javafx.application.PlatformImpl.lambda$null$174(Ljava/lang/Runnable;)Ljava/lang/Void;+1
j  com.sun.javafx.application.PlatformImpl$$Lambda$50.run()Ljava/lang/Object;+4
v  ~StubRoutines::call_stub
J 2081  java.security.AccessController.doPrivileged(Ljava/security/PrivilegedAction;Ljava/security/AccessControlContext;)Ljava/lang/Object; (0 bytes) @ 0x0000000002f7a4e6 [0x0000000002f7a480+0x66]
j  com.sun.javafx.application.PlatformImpl.lambda$runLater$175(Ljava/lang/Runnable;Ljava/security/AccessControlContext;)V+7
j  com.sun.javafx.application.PlatformImpl$$Lambda$49.run()V+8
j  com.sun.glass.ui.InvokeLaterDispatcher$Future.run()V+4
v  ~StubRoutines::call_stub
j  com.sun.glass.ui.win.WinApplication._enterNestedEventLoopImpl()Ljava/lang/Object;+0
j  com.sun.glass.ui.win.WinApplication._enterNestedEventLoop()Ljava/lang/Object;+15
j  com.sun.glass.ui.Application.enterNestedEventLoop()Ljava/lang/Object;+14
j  com.sun.glass.ui.EventLoop.enter()Ljava/lang/Object;+42
j  com.sun.javafx.tk.quantum.QuantumToolkit.enterNestedEventLoop(Ljava/lang/Object;)Ljava/lang/Object;+107
j  javafx.stage.Stage.showAndWait()V+93
j  javafx.scene.control.HeavyweightDialog.showAndWait()V+22
j  javafx.scene.control.Dialog.showAndWait()Ljava/util/Optional;+88
j  com.mycompany.trafficimportfileconverter2.Main2Controller.lambda$null$5(Ljava/time/LocalDate;Ljava/io/File;ILjava/util/ArrayList;)V+72
j  com.mycompany.trafficimportfileconverter2.Main2Controller$$Lambda$329.run()V+20
j  com.sun.javafx.application.PlatformImpl.lambda$null$174(Ljava/lang/Runnable;)Ljava/lang/Void;+1
j  com.sun.javafx.application.PlatformImpl$$Lambda$50.run()Ljava/lang/Object;+4
v  ~StubRoutines::call_stub
J 2081  java.security.AccessController.doPrivileged(Ljava/security/PrivilegedAction;Ljava/security/AccessControlContext;)Ljava/lang/Object; (0 bytes) @ 0x0000000002f7a4e6 [0x0000000002f7a480+0x66]
j  com.sun.javafx.application.PlatformImpl.lambda$runLater$175(Ljava/lang/Runnable;Ljava/security/AccessControlContext;)V+7
j  com.sun.javafx.application.PlatformImpl$$Lambda$49.run()V+8
j  com.sun.glass.ui.InvokeLaterDispatcher$Future.run()V+4
v  ~StubRoutines::call_stub
j  com.sun.glass.ui.win.WinApplication._enterNestedEventLoopImpl()Ljava/lang/Object;+0
j  com.sun.glass.ui.win.WinApplication._enterNestedEventLoop()Ljava/lang/Object;+15
j  com.sun.glass.ui.Application.enterNestedEventLoop()Ljava/lang/Object;+14
j  com.sun.glass.ui.EventLoop.enter()Ljava/lang/Object;+42
j  com.sun.javafx.tk.quantum.QuantumToolkit.enterNestedEventLoop(Ljava/lang/Object;)Ljava/lang/Object;+107
j  javafx.stage.Stage.showAndWait()V+93
j  javafx.scene.control.HeavyweightDialog.showAndWait()V+22
j  javafx.scene.control.Dialog.showAndWait()Ljava/util/Optional;+88
j  com.mycompany.trafficimportfileconverter2.Main2Controller.lambda$null$5(Ljava/time/LocalDate;Ljava/io/File;ILjava/util/ArrayList;)V+72
j  com.mycompany.trafficimportfileconverter2.Main2Controller$$Lambda$329.run()V+20
j  com.sun.javafx.application.PlatformImpl.lambda$null$174(Ljava/lang/Runnable;)Ljava/lang/Void;+1
j  com.sun.javafx.application.PlatformImpl$$Lambda$50.run()Ljava/lang/Object;+4
v  ~StubRoutines::call_stub
J 2081  java.security.AccessController.doPrivileged(Ljava/security/PrivilegedAction;Ljava/security/AccessControlContext;)Ljava/lang/Object; (0 bytes) @ 0x0000000002f7a4e6 [0x0000000002f7a480+0x66]
j  com.sun.javafx.application.PlatformImpl.lambda$runLater$175(Ljava/lang/Runnable;Ljava/security/AccessControlContext;)V+7
j  com.sun.javafx.application.PlatformImpl$$Lambda$49.run()V+8
j  com.sun.glass.ui.InvokeLaterDispatcher$Future.run()V+4
v  ~StubRoutines::call_stub
j  com.sun.glass.ui.win.WinApplication._enterNestedEventLoopImpl()Ljava/lang/Object;+0
j  com.sun.glass.ui.win.WinApplication._enterNestedEventLoop()Ljava/lang/Object;+15
j  com.sun.glass.ui.Application.enterNestedEventLoop()Ljava/lang/Object;+14
j  com.sun.glass.ui.EventLoop.enter()Ljava/lang/Object;+42
j  com.sun.javafx.tk.quantum.QuantumToolkit.enterNestedEventLoop(Ljava/lang/Object;)Ljava/lang/Object;+107
j  javafx.stage.Stage.showAndWait()V+93
j  javafx.scene.control.HeavyweightDialog.showAndWait()V+22
j  javafx.scene.control.Dialog.showAndWait()Ljava/util/Optional;+88
j  com.mycompany.trafficimportfileconverter2.Main2Controller.lambda$null$5(Ljava/time/LocalDate;Ljava/io/File;ILjava/util/ArrayList;)V+72
j  com.mycompany.trafficimportfileconverter2.Main2Controller$$Lambda$329.run()V+20
j  com.sun.javafx.application.PlatformImpl.lambda$null$174(Ljava/lang/Runnable;)Ljava/lang/Void;+1
j  com.sun.javafx.application.PlatformImpl$$Lambda$50.run()Ljava/lang/Object;+4
v  ~StubRoutines::call_stub
J 2081  java.security.AccessController.doPrivileged(Ljava/security/PrivilegedAction;Ljava/security/AccessControlContext;)Ljava/lang/Object; (0 bytes) @ 0x0000000002f7a4e6 [0x0000000002f7a480+0x66]
j  com.sun.javafx.application.PlatformImpl.lambda$runLater$175(Ljava/lang/Runnable;Ljava/security/AccessControlContext;)V+7
j  com.sun.javafx.application.PlatformImpl$$Lambda$49.run()V+8
j  com.sun.glass.ui.InvokeLaterDispatcher$Future.run()V+4
v  ~StubRoutines::call_stub
j  com.sun.glass.ui.win.WinApplication._enterNestedEventLoopImpl()Ljava/lang/Object;+0
j  com.sun.glass.ui.win.WinApplication._enterNestedEventLoop()Ljava/lang/Object;+15
j  com.sun.glass.ui.Application.enterNestedEventLoop()Ljava/lang/Object;+14
j  com.sun.glass.ui.EventLoop.enter()Ljava/lang/Object;+42
j  com.sun.javafx.tk.quantum.QuantumToolkit.enterNestedEventLoop(Ljava/lang/Object;)Ljava/lang/Object;+107
j  javafx.stage.Stage.showAndWait()V+93
j  javafx.scene.control.HeavyweightDialog.showAndWait()V+22
j  javafx.scene.control.Dialog.showAndWait()Ljava/util/Optional;+88
j  com.mycompany.trafficimportfileconverter2.Main2Controller.lambda$null$5(Ljava/time/LocalDate;Ljava/io/File;ILjava/util/ArrayList;)V+72
j  com.mycompany.trafficimportfileconverter2.Main2Controller$$Lambda$329.run()V+20
j  com.sun.javafx.application.PlatformImpl.lambda$null$174(Ljava/lang/Runnable;)Ljava/lang/Void;+1
j  com.sun.javafx.application.PlatformImpl$$Lambda$50.run()Ljava/lang/Object;+4
v  ~StubRoutines::call_stub
J 2081  java.security.AccessController.doPrivileged(Ljava/security/PrivilegedAction;Ljava/security/AccessControlContext;)Ljava/lang/Object; (0 bytes) @ 0x0000000002f7a4e6 [0x0000000002f7a480+0x66]
j  com.sun.javafx.application.PlatformImpl.lambda$runLater$175(Ljava/lang/Runnable;Ljava/security/AccessControlContext;)V+7
j  com.sun.javafx.application.PlatformImpl$$Lambda$49.run()V+8
j  com.sun.glass.ui.InvokeLaterDispatcher$Future.run()V+4
v  ~StubRoutines::call_stub
j  com.sun.glass.ui.win.WinApplication._enterNestedEventLoopImpl()Ljava/lang/Object;+0
j  com.sun.glass.ui.win.WinApplication._enterNestedEventLoop()Ljava/lang/Object;+15
j  com.sun.glass.ui.Application.enterNestedEventLoop()Ljava/lang/Object;+14
j  com.sun.glass.ui.EventLoop.enter()Ljava/lang/Object;+42
j  com.sun.javafx.tk.quantum.QuantumToolkit.enterNestedEventLoop(Ljava/lang/Object;)Ljava/lang/Object;+107
j  javafx.stage.Stage.showAndWait()V+93
j  javafx.scene.control.HeavyweightDialog.showAndWait()V+22
j  javafx.scene.control.Dialog.showAndWait()Ljava/util/Optional;+88
j  com.mycompany.trafficimportfileconverter2.Main2Controller.lambda$null$5(Ljava/time/LocalDate;Ljava/io/File;ILjava/util/ArrayList;)V+72
j  com.mycompany.trafficimportfileconverter2.Main2Controller$$Lambda$329.run()V+20
j  com.sun.javafx.application.PlatformImpl.lambda$null$174(Ljava/lang/Runnable;)Ljava/lang/Void;+1
j  com.sun.javafx.application.PlatformImpl$$Lambda$50.run()Ljava/lang/Object;+4
v  ~StubRoutines::call_stub
J 2081  java.security.AccessController.doPrivileged(Ljava/security/PrivilegedAction;Ljava/security/AccessControlContext;)Ljava/lang/Object; (0 bytes) @ 0x0000000002f7a4e6 [0x0000000002f7a480+0x66]
j  com.sun.javafx.application.PlatformImpl.lambda$runLater$175(Ljava/lang/Runnable;Ljava/security/AccessControlContext;)V+7
j  com.sun.javafx.application.PlatformImpl$$Lambda$49.run()V+8
j  com.sun.glass.ui.InvokeLaterDispatcher$Future.run()V+4
v  ~StubRoutines::call_stub
j  com.sun.glass.ui.win.WinApplication._enterNestedEventLoopImpl()Ljava/lang/Object;+0
j  com.sun.glass.ui.win.WinApplication._enterNestedEventLoop()Ljava/lang/Object;+15
j  com.sun.glass.ui.Application.enterNestedEventLoop()Ljava/lang/Object;+14
j  com.sun.glass.ui.EventLoop.enter()Ljava/lang/Object;+42
j  com.sun.javafx.tk.quantum.QuantumToolkit.enterNestedEventLoop(Ljava/lang/Object;)Ljava/lang/Object;+107
j  javafx.stage.Stage.showAndWait()V+93
j  javafx.scene.control.HeavyweightDialog.showAndWait()V+22
j  javafx.scene.control.Dialog.showAndWait()Ljava/util/Optional;+88
j  com.mycompany.trafficimportfileconverter2.Main2Controller.lambda$null$5(Ljava/time/LocalDate;Ljava/io/File;ILjava/util/ArrayList;)V+72
j  com.mycompany.trafficimportfileconverter2.Main2Controller$$Lambda$329.run()V+20
j  com.sun.javafx.application.PlatformImpl.lambda$null$174(Ljava/lang/Runnable;)Ljava/lang/Void;+1
j  com.sun.javafx.application.PlatformImpl$$Lambda$50.run()Ljava/lang/Object;+4
v  ~StubRoutines::call_stub
J 2081  java.security.AccessController.doPrivileged(Ljava/security/PrivilegedAction;Ljava/security/AccessControlContext;)Ljava/lang/Object; (0 bytes) @ 0x0000000002f7a4e6 [0x0000000002f7a480+0x66]
j  com.sun.javafx.application.PlatformImpl.lambda$runLater$175(Ljava/lang/Runnable;Ljava/security/AccessControlContext;)V+7
j  com.sun.javafx.application.PlatformImpl$$Lambda$49.run()V+8
j  com.sun.glass.ui.InvokeLaterDispatcher$Future.run()V+4
v  ~StubRoutines::call_stub
j  com.sun.glass.ui.win.WinApplication._runLoop(Ljava/lang/Runnable;)V+0
j  com.sun.glass.ui.win.WinApplication.lambda$null$149(ILjava/lang/Runnable;)V+8
j  com.sun.glass.ui.win.WinApplication$$Lambda$38.run()V+12
j  java.lang.Thread.run()V+11
v  ~StubRoutines::call_stub

---------------  P R O C E S S  ---------------

Java Threads: ( => current thread )
  0x0000000027469800 JavaThread "Thread-6" daemon [_thread_in_native, id=736268, stack(0x000000002d800000,0x000000002d900000)]
  0x000000001f54f000 JavaThread "ForkJoinPool.commonPool-worker-7" daemon [_thread_blocked, id=738056, stack(0x000000002d600000,0x000000002d700000)]
  0x000000001f54d800 JavaThread "ForkJoinPool.commonPool-worker-6" daemon [_thread_blocked, id=732164, stack(0x000000002d500000,0x000000002d600000)]
  0x000000001f54c800 JavaThread "ForkJoinPool.commonPool-worker-5" daemon [_thread_blocked, id=738064, stack(0x000000002d400000,0x000000002d500000)]
  0x000000001f54c000 JavaThread "ForkJoinPool.commonPool-worker-4" daemon [_thread_blocked, id=736904, stack(0x000000002d300000,0x000000002d400000)]
  0x000000001f549800 JavaThread "ForkJoinPool.commonPool-worker-3" daemon [_thread_blocked, id=735524, stack(0x000000002d200000,0x000000002d300000)]
  0x000000001f549000 JavaThread "ForkJoinPool.commonPool-worker-1" daemon [_thread_blocked, id=738044, stack(0x000000002d000000,0x000000002d100000)]
  0x000000001f54e000 JavaThread "Prism Font Disposer" daemon [_thread_blocked, id=736736, stack(0x000000002a000000,0x000000002a100000)]
  0x000000001f1b9800 JavaThread "Thread-3" daemon [_thread_in_native, id=737984, stack(0x0000000024fb0000,0x00000000250b0000)]
  0x000000001f241000 JavaThread "JavaFX-Launcher" [_thread_blocked, id=737024, stack(0x00000000250b0000,0x00000000251b0000)]
=>0x000000001f18d000 JavaThread "JavaFX Application Thread" [_thread_in_vm, id=732876, stack(0x00000000209b0000,0x0000000020ab0000)]
  0x000000001f1c7800 JavaThread "Thread-1" daemon [_thread_blocked, id=684400, stack(0x00000000208b0000,0x00000000209b0000)]
  0x000000001f145000 JavaThread "QuantumRenderer-0" daemon [_thread_blocked, id=736992, stack(0x000000001f910000,0x000000001fa10000)]
  0x000000001e5d3000 JavaThread "Service Thread" daemon [_thread_blocked, id=736864, stack(0x000000001ef10000,0x000000001f010000)]
  0x000000001e54a800 JavaThread "C1 CompilerThread3" daemon [_thread_blocked, id=737096, stack(0x000000001ee10000,0x000000001ef10000)]
  0x000000001e542000 JavaThread "C2 CompilerThread2" daemon [_thread_blocked, id=731528, stack(0x000000001ed10000,0x000000001ee10000)]
  0x000000001e541000 JavaThread "C2 CompilerThread1" daemon [_thread_blocked, id=737052, stack(0x000000001ec10000,0x000000001ed10000)]
  0x000000001e538800 JavaThread "C2 CompilerThread0" daemon [_thread_blocked, id=734692, stack(0x000000001eb10000,0x000000001ec10000)]
  0x000000001e537000 JavaThread "Attach Listener" daemon [_thread_blocked, id=732728, stack(0x000000001ea10000,0x000000001eb10000)]
  0x000000001e536000 JavaThread "Signal Dispatcher" daemon [_thread_blocked, id=736928, stack(0x000000001e910000,0x000000001ea10000)]
  0x0000000002929800 JavaThread "Finalizer" daemon [_thread_blocked, id=670004, stack(0x000000001e310000,0x000000001e410000)]
  0x0000000002923000 JavaThread "Reference Handler" daemon [_thread_blocked, id=731624, stack(0x000000001e210000,0x000000001e310000)]
  0x00000000026fd800 JavaThread "main" [_thread_blocked, id=736824, stack(0x0000000002700000,0x0000000002800000)]

Other Threads:
  0x000000001c439800 VMThread [stack: 0x000000001e110000,0x000000001e210000] [id=711864]
  0x000000001e60d800 WatcherThread [stack: 0x000000001f010000,0x000000001f110000] [id=735680]

VM state:not at safepoint (normal execution)

VM Mutex/Monitor currently owned by a thread: None

Heap:
 PSYoungGen      total 76288K, used 15745K [0x000000076ae00000, 0x0000000770300000, 0x00000007c0000000)
  eden space 65536K, 8% used [0x000000076ae00000,0x000000076b3884c8,0x000000076ee00000)
  from space 10752K, 93% used [0x000000076ee00000,0x000000076f7d80e0,0x000000076f880000)
  to   space 10752K, 0% used [0x000000076f880000,0x000000076f880000,0x0000000770300000)
 ParOldGen       total 175104K, used 2136K [0x00000006c0a00000, 0x00000006cb500000, 0x000000076ae00000)
  object space 175104K, 1% used [0x00000006c0a00000,0x00000006c0c16020,0x00000006cb500000)
 Metaspace       used 19775K, capacity 20952K, committed 21120K, reserved 1067008K
  class space    used 2853K, capacity 3091K, committed 3200K, reserved 1048576K

Card table byte_map: [0x0000000011cf0000,0x00000000124f0000] byte_map_base: 0x000000000e6eb000

Marking Bits: (ParMarkBitMap*) 0x000000007040a5b0
 Begin Bits: [0x0000000013250000, 0x0000000017228000)
 End Bits:   [0x0000000017228000, 0x000000001b200000)

Polling page: 0x00000000026e0000

CodeCache: size=245760Kb used=8630Kb max_used=8630Kb free=237129Kb
 bounds [0x0000000002930000, 0x00000000031b0000, 0x0000000011930000]
 total_blobs=3462 nmethods=2781 adapters=592
 compilation: enabled

Compilation events (10 events):
Event: 11.152 Thread 0x000000001e54a800 2776       3       javafx.scene.Node::sceneToLocal0 (46 bytes)
Event: 11.152 Thread 0x000000001e54a800 nmethod 2776 0x000000000319d690 code [0x000000000319d940, 0x000000000319f218]
Event: 11.154 Thread 0x000000001e54a800 2777       3       com.sun.prism.paint.Color::isOpaque (15 bytes)
Event: 11.155 Thread 0x000000001e54a800 nmethod 2777 0x00000000031941d0 code [0x0000000003194360, 0x0000000003194550]
Event: 11.156 Thread 0x000000001e54a800 2778       3       javafx.scene.Parent::scenesChanged (156 bytes)
Event: 11.157 Thread 0x000000001e54a800 nmethod 2778 0x000000000319fd90 code [0x000000000319ffe0, 0x00000000031a1198]
Event: 11.157 Thread 0x000000001e54a800 2779       3       javafx.scene.Node$ReadOnlyObjectWrapperManualFire::fireValueChangedEvent (1 bytes)
Event: 11.157 Thread 0x000000001e54a800 nmethod 2779 0x0000000003193e90 code [0x0000000003193fe0, 0x0000000003194130]
Event: 11.157 Thread 0x000000001e54a800 2780       3       javafx.scene.Node$ReadOnlyObjectWrapperManualFire::fireSuperValueChangedEvent (5 bytes)
Event: 11.157 Thread 0x000000001e54a800 nmethod 2780 0x00000000031a1710 code [0x00000000031a18a0, 0x00000000031a1c68]

GC Heap History (2 events):
Event: 8.992 GC heap before
{Heap before GC invocations=1 (full 0):
 PSYoungGen      total 76288K, used 65536K [0x000000076ae00000, 0x0000000770300000, 0x00000007c0000000)
  eden space 65536K, 100% used [0x000000076ae00000,0x000000076ee00000,0x000000076ee00000)
  from space 10752K, 0% used [0x000000076f880000,0x000000076f880000,0x0000000770300000)
  to   space 10752K, 0% used [0x000000076ee00000,0x000000076ee00000,0x000000076f880000)
 ParOldGen       total 175104K, used 0K [0x00000006c0a00000, 0x00000006cb500000, 0x000000076ae00000)
  object space 175104K, 0% used [0x00000006c0a00000,0x00000006c0a00000,0x00000006cb500000)
 Metaspace       used 19446K, capacity 20620K, committed 20864K, reserved 1067008K
  class space    used 2851K, capacity 3089K, committed 3200K, reserved 1048576K
Event: 8.998 GC heap after
Heap after GC invocations=1 (full 0):
 PSYoungGen      total 76288K, used 10080K [0x000000076ae00000, 0x0000000770300000, 0x00000007c0000000)
  eden space 65536K, 0% used [0x000000076ae00000,0x000000076ae00000,0x000000076ee00000)
  from space 10752K, 93% used [0x000000076ee00000,0x000000076f7d80e0,0x000000076f880000)
  to   space 10752K, 0% used [0x000000076f880000,0x000000076f880000,0x0000000770300000)
 ParOldGen       total 175104K, used 2136K [0x00000006c0a00000, 0x00000006cb500000, 0x000000076ae00000)
  object space 175104K, 1% used [0x00000006c0a00000,0x00000006c0c16020,0x00000006cb500000)
 Metaspace       used 19446K, capacity 20620K, committed 20864K, reserved 1067008K
  class space    used 2851K, capacity 3089K, committed 3200K, reserved 1048576K
}

Deoptimization events (10 events):
Event: 7.869 Thread 0x000000001f18d000 Uncommon trap: reason=bimorphic action=maybe_recompile pc=0x0000000002faf828 method=javafx.scene.layout.Region.impl_pickNodeLocal(Lcom/sun/javafx/geom/PickRay;Lcom/sun/javafx/scene/input/PickResultChooser;)V @ 14
Event: 7.908 Thread 0x000000001f18d000 Uncommon trap: reason=unstable_if action=reinterpret pc=0x0000000002f9c6c8 method=javafx.scene.Node.impl_intersectsBounds(Lcom/sun/javafx/geom/PickRay;)D @ 119
Event: 8.935 Thread 0x0000000027469800 Uncommon trap: reason=unstable_if action=reinterpret pc=0x0000000002f8b648 method=java.lang.ThreadLocal.get()Ljava/lang/Object; @ 11
Event: 8.989 Thread 0x000000001f18d000 Uncommon trap: reason=array_check action=maybe_recompile pc=0x000000000303dfc4 method=com.sun.javafx.css.CompoundSelector.applies(Ljavafx/css/Styleable;[Ljava/util/Set;I)Z @ 128
Event: 8.989 Thread 0x000000001f18d000 Uncommon trap: reason=array_check action=maybe_recompile pc=0x000000000303dfc4 method=com.sun.javafx.css.CompoundSelector.applies(Ljavafx/css/Styleable;[Ljava/util/Set;I)Z @ 128
Event: 8.989 Thread 0x000000001f18d000 Uncommon trap: reason=array_check action=maybe_recompile pc=0x000000000303dfc4 method=com.sun.javafx.css.CompoundSelector.applies(Ljavafx/css/Styleable;[Ljava/util/Set;I)Z @ 128
Event: 8.989 Thread 0x000000001f18d000 Uncommon trap: reason=array_check action=maybe_recompile pc=0x000000000303dfc4 method=com.sun.javafx.css.CompoundSelector.applies(Ljavafx/css/Styleable;[Ljava/util/Set;I)Z @ 128
Event: 9.016 Thread 0x000000001f18d000 Uncommon trap: reason=unstable_if action=reinterpret pc=0x0000000002e86d50 method=java.lang.ref.ReferenceQueue.poll()Ljava/lang/ref/Reference; @ 4
Event: 9.016 Thread 0x000000001f18d000 Uncommon trap: reason=unstable_if action=reinterpret pc=0x0000000002d8861c method=java.lang.ref.ReferenceQueue.poll()Ljava/lang/ref/Reference; @ 4
Event: 9.016 Thread 0x000000001f18d000 Uncommon trap: reason=unstable_if action=reinterpret pc=0x0000000002f0f1d4 method=java.lang.ref.ReferenceQueue.poll()Ljava/lang/ref/Reference; @ 4

Internal exceptions (10 events):
Event: 0.736 Thread 0x000000001f18d000 Exception <a 'java/lang/NullPointerException'> (0x000000076bf30f00) thrown at [C:\workspace\8-2-build-windows-amd64-cygwin\jdk8u65\4987\hotspot\src\share\vm\interpreter\linkResolver.cpp, line 1178]
Event: 0.736 Thread 0x000000001f18d000 Exception <a 'java/lang/NullPointerException'> (0x000000076bf30f00) thrown at [C:\workspace\8-2-build-windows-amd64-cygwin\jdk8u65\4987\hotspot\src\share\vm\prims\jvm.cpp, line 1390]
Event: 0.800 Thread 0x000000001f18d000 Exception <a 'java/lang/ArrayIndexOutOfBoundsException'> (0x000000076c381fd8) thrown at [C:\workspace\8-2-build-windows-amd64-cygwin\jdk8u65\4987\hotspot\src\share\vm\runtime\sharedRuntime.cpp, line 605]
Event: 0.800 Thread 0x000000001f18d000 Exception <a 'java/lang/ArrayIndexOutOfBoundsException'> (0x000000076c382cd8) thrown at [C:\workspace\8-2-build-windows-amd64-cygwin\jdk8u65\4987\hotspot\src\share\vm\runtime\sharedRuntime.cpp, line 605]
Event: 0.800 Thread 0x000000001f18d000 Exception <a 'java/lang/ArrayIndexOutOfBoundsException'> (0x000000076c384080) thrown at [C:\workspace\8-2-build-windows-amd64-cygwin\jdk8u65\4987\hotspot\src\share\vm\runtime\sharedRuntime.cpp, line 605]
Event: 0.816 Thread 0x000000001f18d000 Exception <a 'java/lang/ArrayIndexOutOfBoundsException'> (0x000000076c45ed40) thrown at [C:\workspace\8-2-build-windows-amd64-cygwin\jdk8u65\4987\hotspot\src\share\vm\runtime\sharedRuntime.cpp, line 605]
Event: 0.818 Thread 0x000000001f18d000 Exception <a 'java/lang/ArrayIndexOutOfBoundsException'> (0x000000076c473638) thrown at [C:\workspace\8-2-build-windows-amd64-cygwin\jdk8u65\4987\hotspot\src\share\vm\runtime\sharedRuntime.cpp, line 605]
Event: 0.864 Thread 0x000000001f56e800 Exception <a 'java/lang/NoSuchMethodError': java.lang.Object.lambda$maxBy$24(Ljava/util/Comparator;Ljava/lang/Object;Ljava/lang/Object;)Ljava/lang/Object;> (0x000000076c9b1268) thrown at [C:\workspace\8-2-build-windows-amd64-cygwin\jdk8u65\4987\hotspot\srcÃ“Omf6Ï?
Event: 0.882 Thread 0x000000001f18d000 Implicit null exception at 0x0000000002c283f5 to 0x0000000002c28621
Event: 8.935 Thread 0x0000000027469800 Implicit null exception at 0x0000000002f8b59a to 0x0000000002f8b635

Events (10 events):
Event: 11.182 Executing VM operation: RevokeBias done
Event: 11.182 Executing VM operation: RevokeBias
Event: 11.182 Executing VM operation: RevokeBias done
Event: 11.182 Executing VM operation: RevokeBias
Event: 11.182 Executing VM operation: RevokeBias done
Event: 11.183 Executing VM operation: RevokeBias
Event: 11.183 Executing VM operation: RevokeBias done
Event: 11.183 Thread 0x0000000027469000 Thread exited: 0x0000000027469000
Event: 11.183 loading class com/mycompany/trafficimportfileconverter2/Main2Controller
Event: 11.183 loading class com/mycompany/trafficimportfileconverter2/Main2Controller done


Dynamic libraries:
0x00007ff6818b0000 - 0x00007ff6818e7000 	C:\Program Files\Java\jdk1.8.0_65\jre\bin\java.exe
0x00007ffaadd40000 - 0x00007ffaadf1b000 	C:\WINDOWS\SYSTEM32\ntdll.dll
0x00007ffa8ebc0000 - 0x00007ffa8ebf3000 	C:\Program Files\AVAST Software\Avast\x64\aswhooka.dll
0x00007ffaac7b0000 - 0x00007ffaac85e000 	C:\WINDOWS\System32\KERNEL32.DLL
0x00007ffaaa780000 - 0x00007ffaaa9c9000 	C:\WINDOWS\System32\KERNELBASE.dll
0x00007ffaab6c0000 - 0x00007ffaab761000 	C:\WINDOWS\System32\ADVAPI32.dll
0x00007ffaab2a0000 - 0x00007ffaab33d000 	C:\WINDOWS\System32\msvcrt.dll
0x00007ffaab4c0000 - 0x00007ffaab519000 	C:\WINDOWS\System32\sechost.dll
0x00007ffaac1b0000 - 0x00007ffaac2d5000 	C:\WINDOWS\System32\RPCRT4.dll
0x00007ffaac000000 - 0x00007ffaac14a000 	C:\WINDOWS\System32\USER32.dll
0x00007ffaab180000 - 0x00007ffaab19e000 	C:\WINDOWS\System32\win32u.dll
0x00007ffaabda0000 - 0x00007ffaabdc7000 	C:\WINDOWS\System32\GDI32.dll
0x00007ffaaa590000 - 0x00007ffaaa718000 	C:\WINDOWS\System32\gdi32full.dll
0x00007ffaaa260000 - 0x00007ffaaa2fa000 	C:\WINDOWS\System32\msvcp_win.dll
0x00007ffaab1a0000 - 0x00007ffaab296000 	C:\WINDOWS\System32\ucrtbase.dll
0x00007ffa9ea60000 - 0x00007ffa9ecc7000 	C:\WINDOWS\WinSxS\amd64_microsoft.windows.common-controls_6595b64144ccf1df_6.0.15063.483_none_26002d27e7c744a2\COMCTL32.dll
0x00007ffaab820000 - 0x00007ffaabb19000 	C:\WINDOWS\System32\combase.dll
0x00007ffaaa300000 - 0x00007ffaaa36a000 	C:\WINDOWS\System32\bcryptPrimitives.dll
0x00007ffaadca0000 - 0x00007ffaadccd000 	C:\WINDOWS\System32\IMM32.DLL
0x000000006fb20000 - 0x000000006fbf2000 	C:\Program Files\Java\jdk1.8.0_65\jre\bin\msvcr100.dll
0x000000006fc00000 - 0x0000000070489000 	C:\Program Files\Java\jdk1.8.0_65\jre\bin\server\jvm.dll
0x00007ffaab4b0000 - 0x00007ffaab4b8000 	C:\WINDOWS\System32\PSAPI.DLL
0x00007ffa71f00000 - 0x00007ffa71f09000 	C:\WINDOWS\SYSTEM32\WSOCK32.dll
0x00007ffaadcd0000 - 0x00007ffaadd3c000 	C:\WINDOWS\System32\WS2_32.dll
0x00007ffaa8300000 - 0x00007ffaa8323000 	C:\WINDOWS\SYSTEM32\WINMM.dll
0x00007ffaa3b60000 - 0x00007ffaa3b6a000 	C:\WINDOWS\SYSTEM32\VERSION.dll
0x00007ffaa82a0000 - 0x00007ffaa82cb000 	C:\WINDOWS\SYSTEM32\WINMMBASE.dll
0x00007ffaaa370000 - 0x00007ffaaa3b9000 	C:\WINDOWS\System32\cfgmgr32.dll
0x000000006fad0000 - 0x000000006fadf000 	C:\Program Files\Java\jdk1.8.0_65\jre\bin\verify.dll
0x000000006faa0000 - 0x000000006fac9000 	C:\Program Files\Java\jdk1.8.0_65\jre\bin\java.dll
0x000000006fa80000 - 0x000000006fa96000 	C:\Program Files\Java\jdk1.8.0_65\jre\bin\zip.dll
0x00007ffaac860000 - 0x00007ffaadc97000 	C:\WINDOWS\System32\SHELL32.dll
0x00007ffaabcf0000 - 0x00007ffaabd9a000 	C:\WINDOWS\System32\shcore.dll
0x00007ffaaa9d0000 - 0x00007ffaab0c3000 	C:\WINDOWS\System32\windows.storage.dll
0x00007ffaac150000 - 0x00007ffaac1a1000 	C:\WINDOWS\System32\shlwapi.dll
0x00007ffaaa220000 - 0x00007ffaaa231000 	C:\WINDOWS\System32\kernel.appcore.dll
0x00007ffaaa1b0000 - 0x00007ffaaa1fc000 	C:\WINDOWS\System32\powrprof.dll
0x00007ffaaa240000 - 0x00007ffaaa255000 	C:\WINDOWS\System32\profapi.dll
0x00007ffa856f0000 - 0x00007ffa857df000 	C:\Program Files\Java\jdk1.8.0_65\jre\bin\msvcr120.dll
0x00007ffa84f40000 - 0x00007ffa84fe6000 	C:\Program Files\Java\jdk1.8.0_65\jre\bin\msvcp120.dll
0x000000006d560000 - 0x000000006d583000 	C:\Program Files\Java\jdk1.8.0_65\jre\bin\prism_d3d.dll
0x00007ffa7f560000 - 0x00007ffa7f6e9000 	C:\WINDOWS\system32\d3d9.dll
0x00007ffaa71b0000 - 0x00007ffaa71da000 	C:\WINDOWS\SYSTEM32\dwmapi.dll
0x00007ffaa89d0000 - 0x00007ffaa8a65000 	C:\WINDOWS\system32\uxtheme.dll
0x00007ffaa3940000 - 0x00007ffaa3a1f000 	C:\WINDOWS\System32\DriverStore\FileRepository\nv_ref_pubwu.inf_amd64_f9309145156afb40\nvldumdx.dll
0x00007ffaaa3c0000 - 0x00007ffaaa589000 	C:\WINDOWS\System32\crypt32.dll
0x00007ffaaa200000 - 0x00007ffaaa211000 	C:\WINDOWS\System32\MSASN1.dll
0x00007ffaaa720000 - 0x00007ffaaa776000 	C:\WINDOWS\System32\WINTRUST.DLL
0x00007ffaac790000 - 0x00007ffaac7ad000 	C:\WINDOWS\System32\imagehlp.dll
0x00007ffaa9c60000 - 0x00007ffaa9c77000 	C:\WINDOWS\SYSTEM32\CRYPTSP.dll
0x00007ffaa96e0000 - 0x00007ffaa9714000 	C:\WINDOWS\system32\rsaenh.dll
0x00007ffaa9d70000 - 0x00007ffaa9d95000 	C:\WINDOWS\SYSTEM32\bcrypt.dll
0x00007ffaa9c80000 - 0x00007ffaa9c8b000 	C:\WINDOWS\SYSTEM32\CRYPTBASE.dll
0x00007ffa643a0000 - 0x00007ffa653b5000 	C:\WINDOWS\System32\DriverStore\FileRepository\nv_ref_pubwu.inf_amd64_f9309145156afb40\nvd3dumx.dll
0x00007ffa9fef0000 - 0x00007ffaa00c5000 	C:\WINDOWS\system32\nvspcap64.dll
0x00007ffaabba0000 - 0x00007ffaabce5000 	C:\WINDOWS\System32\ole32.dll
0x00007ffaabf40000 - 0x00007ffaac000000 	C:\WINDOWS\System32\OLEAUT32.dll
0x00007ffaac350000 - 0x00007ffaac78b000 	C:\WINDOWS\System32\SETUPAPI.dll
0x00007ffaa1cf0000 - 0x00007ffaa1dc7000 	C:\WINDOWS\SYSTEM32\WINHTTP.dll
0x00007ffaa6ec0000 - 0x00007ffaa6ed3000 	C:\WINDOWS\SYSTEM32\WTSAPI32.dll
0x00007ffa9fac0000 - 0x00007ffa9fee1000 	C:\WINDOWS\system32\nvapi64.dll
0x00007ffaa9020000 - 0x00007ffaa90c4000 	C:\WINDOWS\SYSTEM32\dxgi.dll
0x00007ffaa8d30000 - 0x00007ffaa8d58000 	C:\WINDOWS\SYSTEM32\DEVOBJ.dll
0x000000006d510000 - 0x000000006d553000 	C:\Program Files\Java\jdk1.8.0_65\jre\bin\glass.dll
0x00007ffaab340000 - 0x00007ffaab448000 	C:\WINDOWS\System32\COMDLG32.dll
0x00007ffaabdd0000 - 0x00007ffaabf36000 	C:\WINDOWS\System32\MSCTF.dll
0x00007ffa9f290000 - 0x00007ffa9f379000 	C:\Program Files (x86)\NVIDIA Corporation\3D Vision\nvSCPAPI64.dll
0x000000006d4f0000 - 0x000000006d504000 	C:\Program Files\Java\jdk1.8.0_65\jre\bin\javafx_font.dll
0x00007ffa9f640000 - 0x00007ffa9f8ff000 	C:\WINDOWS\SYSTEM32\dwrite.dll
0x00007ffaab770000 - 0x00007ffaab80e000 	C:\WINDOWS\System32\clbcatq.dll
0x00007ffaa5bc0000 - 0x00007ffaa5d6c000 	C:\WINDOWS\SYSTEM32\WindowsCodecs.dll
0x00007ffa97ff0000 - 0x00007ffa98037000 	C:\WINDOWS\system32\dataexchange.dll
0x00007ffaa77c0000 - 0x00007ffaa7a9f000 	C:\WINDOWS\system32\d3d11.dll
0x00007ffaa8170000 - 0x00007ffaa8292000 	C:\WINDOWS\system32\dcomp.dll
0x00007ffaa8b80000 - 0x00007ffaa8cf0000 	C:\WINDOWS\system32\twinapi.appcore.dll
0x00007ffa980b0000 - 0x00007ffa980e1000 	C:\Program Files\Common Files\Microsoft Shared\Ink\rtscom.dll
0x00007ffaa37a0000 - 0x00007ffaa3822000 	C:\WINDOWS\System32\TextInputFramework.dll
0x00007ffaa50f0000 - 0x00007ffaa53c2000 	C:\WINDOWS\System32\CoreUIComponents.dll
0x00007ffaa8050000 - 0x00007ffaa8133000 	C:\WINDOWS\System32\CoreMessaging.dll
0x00007ffaa9510000 - 0x00007ffaa9541000 	C:\WINDOWS\SYSTEM32\ntmarta.dll
0x00007ffaa6900000 - 0x00007ffaa6a39000 	C:\WINDOWS\SYSTEM32\wintypes.dll
0x00007ffaa6fa0000 - 0x00007ffaa6fb5000 	C:\WINDOWS\SYSTEM32\usermgrcli.dll
0x000000006d4d0000 - 0x000000006d4e1000 	C:\Program Files\Java\jdk1.8.0_65\jre\bin\prism_common.dll
0x000000006fa60000 - 0x000000006fa7a000 	C:\Program Files\Java\jdk1.8.0_65\jre\bin\net.dll
0x00007ffaa9ac0000 - 0x00007ffaa9b1c000 	C:\WINDOWS\system32\mswsock.dll
0x000000006fa40000 - 0x000000006fa51000 	C:\Program Files\Java\jdk1.8.0_65\jre\bin\nio.dll
0x00007ffa993d0000 - 0x00007ffa99579000 	C:\WINDOWS\SYSTEM32\dbghelp.dll

VM Arguments:
java_command: C:\Users\Paul\Documents\NetBeansProjects\TrafficImportFileConverter2\target/TrafficImportFileConverter2-1.0-SNAPSHOT.jar
java_class_path (initial): C:\Users\Paul\Documents\NetBeansProjects\TrafficImportFileConverter2\target/TrafficImportFileConverter2-1.0-SNAPSHOT.jar
Launcher Type: SUN_STANDARD

Environment Variables:
JAVA_HOME=C:\Program Files\Java\jdk1.8.0_65
PATH=C:\Program Files\Oculus\Support\oculus-runtime;C:\Program Files\Haskell\bin;C:\Program Files\Haskell Platform\7.10.2-a\lib\extralibs\bin;C:\Program Files\Haskell Platform\7.10.2-a\bin;C:\ProgramData\Oracle\Java\javapath;C:\WINDOWS\system32;C:\WINDOWS;C:\WINDOWS\System32\Wbem;C:\WINDOWS\System32\WindowsPowerShell\v1.0\;C:\Program Files\Haskell Platform\7.10.2-a\mingw\bin;C:\Program Files\7-Zip;C:\Program Files\Git\cmd;C:\Program Files (x86)\NVIDIA Corporation\PhysX\Common;C:\Leksah\bin\;C:\Python27;C:\Coq\bin;C:\Program Files (x86)\Skype\Phone\;C:\Users\Paul\AppData\Roaming\local\bin;C:\Users\Paul\AppData\Local\Microsoft\WindowsApps;C:\adb;C:\Program Files\MiKTeX 2.9\miktex\bin\x64\;C:\WINDOWS\system32;C:\WINDOWS;C:\WINDOWS\System32\Wbem;C:\WINDOWS\System32\WindowsPowerShell\v1.0\;C:\Program Files\nodejs\;C:\Users\Paul\AppData\Roaming\local\bin;C:\Python27;C:\Users\Paul\AppData\Local\Microsoft\WindowsApps;C:\Users\Paul\AppData\Roaming\npm;C:\Program Files (x86)\Nmap
USERNAME=Paul
OS=Windows_NT
PROCESSOR_IDENTIFIER=Intel64 Family 6 Model 94 Stepping 3, GenuineIntel



---------------  S Y S T E M  ---------------

OS: Windows 10.0 , 64 bit Build 15063 (10.0.15063.296)

CPU:total 8 (4 cores per cpu, 2 threads per core) family 6 model 94 stepping 3, cmov, cx8, fxsr, mmx, sse, sse2, sse3, ssse3, sse4.1, sse4.2, popcnt, avx, avx2, aes, clmul, erms, rtm, 3dnowpref, lzcnt, ht, tsc, tscinvbit, bmi1, bmi2, adx

Memory: 4k page, physical 16728620k(1270672k free), swap 29835820k(5012340k free)

vm_info: Java HotSpot(TM) 64-Bit Server VM (25.65-b01) for windows-amd64 JRE (1.8.0_65-b17), built on Oct  6 2015 16:39:20 by "java_re" with MS VC++ 10.0 (VS2010)

time: Sun Sep 10 14:10:50 2017
elapsed time: 11 seconds (0d 0h 0m 11s)

